<?xml version="1.0" encoding="UTF-8"?>
<testng-results ignored="0" total="1" passed="1" failed="0" skipped="0">
  <reporter-output>
  </reporter-output>
  <suite started-at="2024-08-29T15:20:09 IST" name="Suite" finished-at="2024-08-29T15:20:09 IST" duration-ms="88">
    <groups>
    </groups>
    <test started-at="2024-08-29T15:20:09 IST" name="Test" finished-at="2024-08-29T15:20:09 IST" duration-ms="88">
      <class name="pratice.datadriventesting.RaedDataFromTestNGXmlTest">
        <test-method signature="sampleTest(org.testng.xml.XmlTest)[pri:0, instance:pratice.datadriventesting.RaedDataFromTestNGXmlTest@1cf6d1be]" started-at="2024-08-29T15:20:09 IST" name="sampleTest" finished-at="2024-08-29T15:20:09 IST" duration-ms="16" status="PASS">
          <params>
            <param index="0">
              <value>
                <![CDATA[org.testng.xml.XmlTest@2c4429a8]]>
              </value>
            </param>
          </params>
          <reporter-output>
          </reporter-output>
        </test-method> <!-- sampleTest -->
      </class> <!-- pratice.datadriventesting.RaedDataFromTestNGXmlTest -->
    </test> <!-- Test -->
  </suite> <!-- Suite -->
</testng-results>
